<?xml version="1.0" encoding="UTF-8"?>
<testsuite name="com.example.myapplication.shared.AndroidGreetingTest" tests="1" skipped="0" failures="0" errors="0" timestamp="2021-03-09T07:03:42" hostname="Quippers-MacBook-Pro.local" time="0.012">
  <properties/>
  <testcase name="testExample" classname="com.example.myapplication.shared.AndroidGreetingTest" time="0.012"/>
  <system-out><![CDATA[]]></system-out>
  <system-err><![CDATA[]]></system-err>
</testsuite>
